\BOOKMARK [0][-]{dedication.0}{Dedicat\363ria}{}% 1
\BOOKMARK [0][-]{acknowledgements.0}{Agradecimentos}{}% 2
\BOOKMARK [0][-]{resumo.0}{Resumo}{}% 3
\BOOKMARK [0][-]{abstract.0}{Abstract}{}% 4
\BOOKMARK [0][-]{chapter.1}{Introdu\347\343o}{}% 5
\BOOKMARK [1][-]{section.1.1}{Motiva\347\343o}{chapter.1}% 6
\BOOKMARK [1][-]{section.1.2}{Problema}{chapter.1}% 7
\BOOKMARK [1][-]{section.1.3}{Objetivo}{chapter.1}% 8
\BOOKMARK [2][-]{subsection.1.3.1}{Principal}{section.1.3}% 9
\BOOKMARK [2][-]{subsection.1.3.2}{Espec\355ficos}{section.1.3}% 10
\BOOKMARK [0][-]{chapter.2}{Computa\347\343o em Nuvem}{}% 11
\BOOKMARK [1][-]{section.2.1}{Sistemas Distribu\355dos}{chapter.2}% 12
\BOOKMARK [2][-]{subsection.2.1.1}{Cluster Computacional}{section.2.1}% 13
\BOOKMARK [2][-]{subsection.2.1.2}{Grid Computacional}{section.2.1}% 14
\BOOKMARK [1][-]{section.2.2}{Nuvem Computacional}{chapter.2}% 15
\BOOKMARK [2][-]{subsection.2.2.1}{Conceitos B\341sicos}{section.2.2}% 16
\BOOKMARK [2][-]{subsection.2.2.2}{Arquitetura}{section.2.2}% 17
\BOOKMARK [2][-]{subsection.2.2.3}{Tipos de Nuvens}{section.2.2}% 18
\BOOKMARK [2][-]{subsection.2.2.4}{Modelos de Servi\347o}{section.2.2}% 19
\BOOKMARK [1][-]{section.2.3}{Federa\347\343o de Nuvens}{chapter.2}% 20
\BOOKMARK [1][-]{section.2.4}{Workflow Cient\355fico}{chapter.2}% 21
\BOOKMARK [1][-]{section.2.5}{Sistema Gerenciador de Workflows Cient\355ficos}{chapter.2}% 22
\BOOKMARK [0][-]{chapter.3}{BioNimbuZ}{}% 23
\BOOKMARK [0][-]{chapter.4}{Proposta de Nova Arquitetura e Mudan\347as Realizadas}{}% 24
\BOOKMARK [0][-]{chapter.5}{Resultados Obtidos com as Altera\347\365es}{}% 25
\BOOKMARK [0][-]{chapter.6}{Conclus\343o e Trabalhos Futuros}{}% 26
\BOOKMARK [0][-]{section*.8}{Refer\352ncias}{}% 27
