This is pdfTeX, Version 3.1415926-2.5-1.40.14 (MiKTeX 2.9 64-bit) (preloaded format=pdflatex 2015.5.12)  28 AUG 2015 18:46
entering extended mode
**monografia.tex
(C:\Users\Yago\Desktop\Monografia_v20\MONOGRAFIA\monografia.tex
LaTeX2e <2011/06/27>
Babel <v3.8m> and hyphenation patterns for english, afrikaans, ancientgreek, ar
abic, armenian, assamese, basque, bengali, bokmal, bulgarian, catalan, coptic, 
croatian, czech, danish, dutch, esperanto, estonian, farsi, finnish, french, ga
lician, german, german-x-2013-05-26, greek, gujarati, hindi, hungarian, iceland
ic, indonesian, interlingua, irish, italian, kannada, kurmanji, latin, latvian,
 lithuanian, malayalam, marathi, mongolian, mongolianlmc, monogreek, ngerman, n
german-x-2013-05-26, nynorsk, oriya, panjabi, pinyin, polish, portuguese, roman
ian, russian, sanskrit, serbian, slovak, slovenian, spanish, swedish, swissgerm
an, tamil, telugu, turkish, turkmen, ukenglish, ukrainian, uppersorbian, usengl
ishmax, welsh, loaded.
(C:\Users\Yago\Desktop\Monografia_v20\MONOGRAFIA\unb-cic.cls
Document Class: unb-cic 2008/06/05 v0.93 Classe para trabalhos CIC UnB
("C:\Program Files\MiKTeX 2.9\tex\latex\xkeyval\xkeyval.sty"
Package: xkeyval 2012/10/14 v2.6b package option processing (HA)

("C:\Program Files\MiKTeX 2.9\tex\generic\xkeyval\xkeyval.tex"
\XKV@toks=\toks14
\XKV@tempa@toks=\toks15
\XKV@depth=\count79
File: xkeyval.tex 2012/10/14 v2.6b key=value parser (HA)

("C:\Program Files\MiKTeX 2.9\tex\generic\xkeyval\keyval.tex")))
("C:\Program Files\MiKTeX 2.9\tex\latex\base\report.cls"
Document Class: report 2007/10/19 v1.4h Standard LaTeX document class
("C:\Program Files\MiKTeX 2.9\tex\latex\base\size12.clo"
File: size12.clo 2007/10/19 v1.4h Standard LaTeX file (size option)
)
\c@part=\count80
\c@chapter=\count81
\c@section=\count82
\c@subsection=\count83
\c@subsubsection=\count84
\c@paragraph=\count85
\c@subparagraph=\count86
\c@figure=\count87
\c@table=\count88
\abovecaptionskip=\skip41
\belowcaptionskip=\skip42
\bibindent=\dimen102
)
("C:\Program Files\MiKTeX 2.9\tex\latex\base\fixltx2e.sty"
Package: fixltx2e 2006/09/13 v1.1m fixes to LaTeX
LaTeX Info: Redefining \em on input line 420.
)
("C:\Program Files\MiKTeX 2.9\tex\latex\ltxmisc\relsize.sty"
Package: relsize 2003/07/04 ver 3.1
)
("C:\Program Files\MiKTeX 2.9\tex\latex\hyperref\hyperref.sty"
Package: hyperref 2012/11/06 v6.83m Hypertext links for LaTeX

("C:\Program Files\MiKTeX 2.9\tex\generic\oberdiek\hobsub-hyperref.sty"
Package: hobsub-hyperref 2012/04/25 v1.12 Bundle oberdiek, subset hyperref (HO)


("C:\Program Files\MiKTeX 2.9\tex\generic\oberdiek\hobsub-generic.sty"
Package: hobsub-generic 2012/04/25 v1.12 Bundle oberdiek, subset generic (HO)
Package: hobsub 2012/04/25 v1.12 Construct package bundles (HO)
Package: infwarerr 2010/04/08 v1.3 Providing info/warning/error messages (HO)
Package: ltxcmds 2011/11/09 v1.22 LaTeX kernel commands for general use (HO)
Package: ifluatex 2010/03/01 v1.3 Provides the ifluatex switch (HO)
Package ifluatex Info: LuaTeX not detected.
Package: ifvtex 2010/03/01 v1.5 Detect VTeX and its facilities (HO)
Package ifvtex Info: VTeX not detected.
Package: intcalc 2007/09/27 v1.1 Expandable calculations with integers (HO)
Package: ifpdf 2011/01/30 v2.3 Provides the ifpdf switch (HO)
Package ifpdf Info: pdfTeX in PDF mode is detected.
Package: etexcmds 2011/02/16 v1.5 Avoid name clashes with e-TeX commands (HO)
Package etexcmds Info: Could not find \expanded.
(etexcmds)             That can mean that you are not using pdfTeX 1.50 or
(etexcmds)             that some package has redefined \expanded.
(etexcmds)             In the latter case, load this package earlier.
Package: kvsetkeys 2012/04/25 v1.16 Key value parser (HO)
Package: kvdefinekeys 2011/04/07 v1.3 Define keys (HO)
Package: pdftexcmds 2011/11/29 v0.20 Utility functions of pdfTeX for LuaTeX (HO
)
Package pdftexcmds Info: LuaTeX not detected.
Package pdftexcmds Info: \pdf@primitive is available.
Package pdftexcmds Info: \pdf@ifprimitive is available.
Package pdftexcmds Info: \pdfdraftmode found.
Package: pdfescape 2011/11/25 v1.13 Implements pdfTeX's escape features (HO)
Package: bigintcalc 2012/04/08 v1.3 Expandable calculations on big integers (HO
)
Package: bitset 2011/01/30 v1.1 Handle bit-vector datatype (HO)
Package: uniquecounter 2011/01/30 v1.2 Provide unlimited unique counter (HO)
)
Package hobsub Info: Skipping package `hobsub' (already loaded).
Package: letltxmacro 2010/09/02 v1.4 Let assignment for LaTeX macros (HO)
Package: hopatch 2011/06/24 v1.1 Wrapper for package hooks (HO)
Package: xcolor-patch 2011/01/30 xcolor patch
Package: atveryend 2011/06/30 v1.8 Hooks at the very end of document (HO)
Package atveryend Info: \enddocument detected (standard20110627).
Package: atbegshi 2011/10/05 v1.16 At begin shipout hook (HO)
Package: refcount 2011/10/16 v3.4 Data extraction from label references (HO)
Package: hycolor 2011/01/30 v1.7 Color options for hyperref/bookmark (HO)
)
("C:\Program Files\MiKTeX 2.9\tex\generic\ifxetex\ifxetex.sty"
Package: ifxetex 2010/09/12 v0.6 Provides ifxetex conditional
)
("C:\Program Files\MiKTeX 2.9\tex\latex\oberdiek\auxhook.sty"
Package: auxhook 2011/03/04 v1.3 Hooks for auxiliary files (HO)
)
("C:\Program Files\MiKTeX 2.9\tex\latex\oberdiek\kvoptions.sty"
Package: kvoptions 2011/06/30 v3.11 Key value format for package options (HO)
)
\@linkdim=\dimen103
\Hy@linkcounter=\count89
\Hy@pagecounter=\count90

("C:\Program Files\MiKTeX 2.9\tex\latex\hyperref\pd1enc.def"
File: pd1enc.def 2012/11/06 v6.83m Hyperref: PDFDocEncoding definition (HO)
)
\Hy@SavedSpaceFactor=\count91

("C:\Program Files\MiKTeX 2.9\tex\latex\00miktex\hyperref.cfg"
File: hyperref.cfg 2002/06/06 v1.2 hyperref configuration of TeXLive
)
Package hyperref Info: Option `pdfdisplaydoctitle' set `true' on input line 431
9.
Package hyperref Info: Hyper figures OFF on input line 4443.
Package hyperref Info: Link nesting OFF on input line 4448.
Package hyperref Info: Hyper index ON on input line 4451.
Package hyperref Info: Plain pages OFF on input line 4458.
Package hyperref Info: Backreferencing ON on input line 4461.
Package hyperref Info: Implicit mode ON; LaTeX internals redefined.
Package hyperref Info: Bookmarks ON on input line 4688.

("C:\Program Files\MiKTeX 2.9\tex\latex\hyperref\backref.sty"
Package: backref 2012/07/25 v1.38 Bibliographical back referencing

("C:\Program Files\MiKTeX 2.9\tex\latex\oberdiek\rerunfilecheck.sty"
Package: rerunfilecheck 2011/04/15 v1.7 Rerun checks for auxiliary files (HO)
Package uniquecounter Info: New unique counter `rerunfilecheck' on input line 2
82.
))
\c@Hy@tempcnt=\count92

(C:\Users\Yago\AppData\Roaming\MiKTeX\2.9\tex\latex\url\url.sty
\Urlmuskip=\muskip10
Package: url 2013/09/16  ver 3.4  Verb mode for urls, etc.
)
LaTeX Info: Redefining \url on input line 5041.
\XeTeXLinkMargin=\dimen104
\Fld@menulength=\count93
\Field@Width=\dimen105
\Fld@charsize=\dimen106
Package hyperref Info: Hyper figures OFF on input line 6295.
Package hyperref Info: Link nesting OFF on input line 6300.
Package hyperref Info: Hyper index ON on input line 6303.
Package hyperref Info: backreferencing ON on input line 6308.
Package hyperref Info: Link coloring OFF on input line 6315.
Package hyperref Info: Link coloring with OCG OFF on input line 6320.
Package hyperref Info: PDF/A mode OFF on input line 6325.
LaTeX Info: Redefining \ref on input line 6365.
LaTeX Info: Redefining \pageref on input line 6369.
\Hy@abspage=\count94
\c@Item=\count95
\c@Hfootnote=\count96
)

Package hyperref Message: Driver: hpdftex.

("C:\Program Files\MiKTeX 2.9\tex\latex\hyperref\hpdftex.def"
File: hpdftex.def 2012/11/06 v6.83m Hyperref driver for pdfTeX
\Fld@listcount=\count97
\c@bookmark@seq@number=\count98
\Hy@SectionHShift=\skip43
)
("C:\Program Files\MiKTeX 2.9\tex\latex\graphics\graphicx.sty"
Package: graphicx 1999/02/16 v1.0f Enhanced LaTeX Graphics (DPC,SPQR)

("C:\Program Files\MiKTeX 2.9\tex\latex\graphics\graphics.sty"
Package: graphics 2009/02/05 v1.0o Standard LaTeX Graphics (DPC,SPQR)

("C:\Program Files\MiKTeX 2.9\tex\latex\graphics\trig.sty"
Package: trig 1999/03/16 v1.09 sin cos tan (DPC)
)
("C:\Program Files\MiKTeX 2.9\tex\latex\00miktex\graphics.cfg"
File: graphics.cfg 2007/01/18 v1.5 graphics configuration of teTeX/TeXLive
)
Package graphics Info: Driver file: pdftex.def on input line 91.

("C:\Program Files\MiKTeX 2.9\tex\latex\pdftex-def\pdftex.def"
File: pdftex.def 2011/05/27 v0.06d Graphics/color for pdfTeX
\Gread@gobject=\count99
))
\Gin@req@height=\dimen107
\Gin@req@width=\dimen108
)
(C:\Users\Yago\AppData\Roaming\MiKTeX\2.9\tex\latex\boites\boites.sty
File: boites.sty 
Package: boites 2013/11/21 v1.1 Colored, framed and breakable across pages boxe
s
\bk@bxb=\box26
\bk@bxa=\box27
\bk@lcnt=\count100
)
("C:\Program Files\MiKTeX 2.9\tex\latex\geometry\geometry.sty"
Package: geometry 2010/09/12 v5.6 Page Geometry
\Gm@cnth=\count101
\Gm@cntv=\count102
\c@Gm@tempcnt=\count103
\Gm@bindingoffset=\dimen109
\Gm@wd@mp=\dimen110
\Gm@odd@mp=\dimen111
\Gm@even@mp=\dimen112
\Gm@layoutwidth=\dimen113
\Gm@layoutheight=\dimen114
\Gm@layouthoffset=\dimen115
\Gm@layoutvoffset=\dimen116
\Gm@dimlist=\toks16

("C:\Program Files\MiKTeX 2.9\tex\latex\geometry\geometry.cfg"))
(C:\Users\Yago\AppData\Roaming\MiKTeX\2.9\tex\latex\setspace\setspace.sty
Package: setspace 2011/12/19 v6.7a set line spacing
)
\c@TotPaginas=\count104
\c@definition=\count105
)
("C:\Program Files\MiKTeX 2.9\tex\generic\babel\babel.sty"
Package: babel 2008/07/08 v3.8m The Babel package

*************************************
* Local config file bblopts.cfg used
*
("C:\Program Files\MiKTeX 2.9\tex\latex\00miktex\bblopts.cfg"
File: bblopts.cfg 2006/07/31 v1.0 MiKTeX 'babel' configuration
)
("C:\Program Files\MiKTeX 2.9\tex\generic\babel\portuges.ldf"
Language: portuges 2008/03/18 v1.2q Portuguese support from the babel system

("C:\Program Files\MiKTeX 2.9\tex\generic\babel\babel.def"
File: babel.def 2008/07/08 v3.8m Babel common definitions
\babel@savecnt=\count106
\U@D=\dimen117
)
\l@brazil = a dialect from \language\l@portuges 
Package babel Info: Making " an active character on input line 145.
)
("C:\Program Files\MiKTeX 2.9\tex\generic\babel\english.ldf"
Language: english 2005/03/30 v3.3o English support from the babel system
\l@canadian = a dialect from \language\l@american 
\l@australian = a dialect from \language\l@british 
\l@newzealand = a dialect from \language\l@british 
))
("C:\Program Files\MiKTeX 2.9\tex\latex\base\fontenc.sty"
Package: fontenc 2005/09/27 v1.99g Standard LaTeX package

("C:\Program Files\MiKTeX 2.9\tex\latex\base\t1enc.def"
File: t1enc.def 2005/09/27 v1.99g Standard LaTeX file
LaTeX Font Info:    Redeclaring font encoding T1 on input line 43.
))
("C:\Program Files\MiKTeX 2.9\tex\latex\tools\indentfirst.sty"
Package: indentfirst 1995/11/23 v1.03 Indent first paragraph (DPC)
)
(C:\Users\Yago\AppData\Roaming\MiKTeX\2.9\tex\latex\natbib\natbib.sty
Package: natbib 2010/09/13 8.31b (PWD, AO)
\bibhang=\skip44
\bibsep=\skip45
LaTeX Info: Redefining \cite on input line 694.
\c@NAT@ctr=\count107
)
(C:\Users\Yago\AppData\Roaming\MiKTeX\2.9\tex\latex\xcolor\xcolor.sty
Package: xcolor 2007/01/21 v2.11 LaTeX color extensions (UK)

("C:\Program Files\MiKTeX 2.9\tex\latex\00miktex\color.cfg"
File: color.cfg 2007/01/18 v1.5 color configuration of teTeX/TeXLive
)
Package xcolor Info: Driver file: pdftex.def on input line 225.
Package xcolor Info: Model `cmy' substituted by `cmy0' on input line 1337.
Package xcolor Info: Model `hsb' substituted by `rgb' on input line 1341.
Package xcolor Info: Model `RGB' extended on input line 1353.
Package xcolor Info: Model `HTML' substituted by `rgb' on input line 1355.
Package xcolor Info: Model `Hsb' substituted by `hsb' on input line 1356.
Package xcolor Info: Model `tHsb' substituted by `hsb' on input line 1357.
Package xcolor Info: Model `HSB' substituted by `hsb' on input line 1358.
Package xcolor Info: Model `Gray' substituted by `gray' on input line 1359.
Package xcolor Info: Model `wave' substituted by `hsb' on input line 1360.
)
("C:\Program Files\MiKTeX 2.9\tex\latex\base\inputenc.sty"
Package: inputenc 2008/03/30 v1.1d Input encoding file
\inpenc@prehook=\toks17
\inpenc@posthook=\toks18

("C:\Program Files\MiKTeX 2.9\tex\latex\base\utf8.def"
File: utf8.def 2008/04/05 v1.1m UTF-8 support for inputenc
Now handling font encoding OML ...
... no UTF-8 mapping file for font encoding OML
Now handling font encoding T1 ...
... processing UTF-8 mapping file for font encoding T1

("C:\Program Files\MiKTeX 2.9\tex\latex\base\t1enc.dfu"
File: t1enc.dfu 2008/04/05 v1.1m UTF-8 support for inputenc
   defining Unicode char U+00A1 (decimal 161)
   defining Unicode char U+00A3 (decimal 163)
   defining Unicode char U+00AB (decimal 171)
   defining Unicode char U+00BB (decimal 187)
   defining Unicode char U+00BF (decimal 191)
   defining Unicode char U+00C0 (decimal 192)
   defining Unicode char U+00C1 (decimal 193)
   defining Unicode char U+00C2 (decimal 194)
   defining Unicode char U+00C3 (decimal 195)
   defining Unicode char U+00C4 (decimal 196)
   defining Unicode char U+00C5 (decimal 197)
   defining Unicode char U+00C6 (decimal 198)
   defining Unicode char U+00C7 (decimal 199)
   defining Unicode char U+00C8 (decimal 200)
   defining Unicode char U+00C9 (decimal 201)
   defining Unicode char U+00CA (decimal 202)
   defining Unicode char U+00CB (decimal 203)
   defining Unicode char U+00CC (decimal 204)
   defining Unicode char U+00CD (decimal 205)
   defining Unicode char U+00CE (decimal 206)
   defining Unicode char U+00CF (decimal 207)
   defining Unicode char U+00D0 (decimal 208)
   defining Unicode char U+00D1 (decimal 209)
   defining Unicode char U+00D2 (decimal 210)
   defining Unicode char U+00D3 (decimal 211)
   defining Unicode char U+00D4 (decimal 212)
   defining Unicode char U+00D5 (decimal 213)
   defining Unicode char U+00D6 (decimal 214)
   defining Unicode char U+00D8 (decimal 216)
   defining Unicode char U+00D9 (decimal 217)
   defining Unicode char U+00DA (decimal 218)
   defining Unicode char U+00DB (decimal 219)
   defining Unicode char U+00DC (decimal 220)
   defining Unicode char U+00DD (decimal 221)
   defining Unicode char U+00DE (decimal 222)
   defining Unicode char U+00DF (decimal 223)
   defining Unicode char U+00E0 (decimal 224)
   defining Unicode char U+00E1 (decimal 225)
   defining Unicode char U+00E2 (decimal 226)
   defining Unicode char U+00E3 (decimal 227)
   defining Unicode char U+00E4 (decimal 228)
   defining Unicode char U+00E5 (decimal 229)
   defining Unicode char U+00E6 (decimal 230)
   defining Unicode char U+00E7 (decimal 231)
   defining Unicode char U+00E8 (decimal 232)
   defining Unicode char U+00E9 (decimal 233)
   defining Unicode char U+00EA (decimal 234)
   defining Unicode char U+00EB (decimal 235)
   defining Unicode char U+00EC (decimal 236)
   defining Unicode char U+00ED (decimal 237)
   defining Unicode char U+00EE (decimal 238)
   defining Unicode char U+00EF (decimal 239)
   defining Unicode char U+00F0 (decimal 240)
   defining Unicode char U+00F1 (decimal 241)
   defining Unicode char U+00F2 (decimal 242)
   defining Unicode char U+00F3 (decimal 243)
   defining Unicode char U+00F4 (decimal 244)
   defining Unicode char U+00F5 (decimal 245)
   defining Unicode char U+00F6 (decimal 246)
   defining Unicode char U+00F8 (decimal 248)
   defining Unicode char U+00F9 (decimal 249)
   defining Unicode char U+00FA (decimal 250)
   defining Unicode char U+00FB (decimal 251)
   defining Unicode char U+00FC (decimal 252)
   defining Unicode char U+00FD (decimal 253)
   defining Unicode char U+00FE (decimal 254)
   defining Unicode char U+00FF (decimal 255)
   defining Unicode char U+0102 (decimal 258)
   defining Unicode char U+0103 (decimal 259)
   defining Unicode char U+0104 (decimal 260)
   defining Unicode char U+0105 (decimal 261)
   defining Unicode char U+0106 (decimal 262)
   defining Unicode char U+0107 (decimal 263)
   defining Unicode char U+010C (decimal 268)
   defining Unicode char U+010D (decimal 269)
   defining Unicode char U+010E (decimal 270)
   defining Unicode char U+010F (decimal 271)
   defining Unicode char U+0110 (decimal 272)
   defining Unicode char U+0111 (decimal 273)
   defining Unicode char U+0118 (decimal 280)
   defining Unicode char U+0119 (decimal 281)
   defining Unicode char U+011A (decimal 282)
   defining Unicode char U+011B (decimal 283)
   defining Unicode char U+011E (decimal 286)
   defining Unicode char U+011F (decimal 287)
   defining Unicode char U+0130 (decimal 304)
   defining Unicode char U+0131 (decimal 305)
   defining Unicode char U+0132 (decimal 306)
   defining Unicode char U+0133 (decimal 307)
   defining Unicode char U+0139 (decimal 313)
   defining Unicode char U+013A (decimal 314)
   defining Unicode char U+013D (decimal 317)
   defining Unicode char U+013E (decimal 318)
   defining Unicode char U+0141 (decimal 321)
   defining Unicode char U+0142 (decimal 322)
   defining Unicode char U+0143 (decimal 323)
   defining Unicode char U+0144 (decimal 324)
   defining Unicode char U+0147 (decimal 327)
   defining Unicode char U+0148 (decimal 328)
   defining Unicode char U+014A (decimal 330)
   defining Unicode char U+014B (decimal 331)
   defining Unicode char U+0150 (decimal 336)
   defining Unicode char U+0151 (decimal 337)
   defining Unicode char U+0152 (decimal 338)
   defining Unicode char U+0153 (decimal 339)
   defining Unicode char U+0154 (decimal 340)
   defining Unicode char U+0155 (decimal 341)
   defining Unicode char U+0158 (decimal 344)
   defining Unicode char U+0159 (decimal 345)
   defining Unicode char U+015A (decimal 346)
   defining Unicode char U+015B (decimal 347)
   defining Unicode char U+015E (decimal 350)
   defining Unicode char U+015F (decimal 351)
   defining Unicode char U+0160 (decimal 352)
   defining Unicode char U+0161 (decimal 353)
   defining Unicode char U+0162 (decimal 354)
   defining Unicode char U+0163 (decimal 355)
   defining Unicode char U+0164 (decimal 356)
   defining Unicode char U+0165 (decimal 357)
   defining Unicode char U+016E (decimal 366)
   defining Unicode char U+016F (decimal 367)
   defining Unicode char U+0170 (decimal 368)
   defining Unicode char U+0171 (decimal 369)
   defining Unicode char U+0178 (decimal 376)
   defining Unicode char U+0179 (decimal 377)
   defining Unicode char U+017A (decimal 378)
   defining Unicode char U+017B (decimal 379)
   defining Unicode char U+017C (decimal 380)
   defining Unicode char U+017D (decimal 381)
   defining Unicode char U+017E (decimal 382)
   defining Unicode char U+200C (decimal 8204)
   defining Unicode char U+2013 (decimal 8211)
   defining Unicode char U+2014 (decimal 8212)
   defining Unicode char U+2018 (decimal 8216)
   defining Unicode char U+2019 (decimal 8217)
   defining Unicode char U+201A (decimal 8218)
   defining Unicode char U+201C (decimal 8220)
   defining Unicode char U+201D (decimal 8221)
   defining Unicode char U+201E (decimal 8222)
   defining Unicode char U+2030 (decimal 8240)
   defining Unicode char U+2031 (decimal 8241)
   defining Unicode char U+2039 (decimal 8249)
   defining Unicode char U+203A (decimal 8250)
   defining Unicode char U+2423 (decimal 9251)
)
Now handling font encoding OT1 ...
... processing UTF-8 mapping file for font encoding OT1

("C:\Program Files\MiKTeX 2.9\tex\latex\base\ot1enc.dfu"
File: ot1enc.dfu 2008/04/05 v1.1m UTF-8 support for inputenc
   defining Unicode char U+00A1 (decimal 161)
   defining Unicode char U+00A3 (decimal 163)
   defining Unicode char U+00B8 (decimal 184)
   defining Unicode char U+00BF (decimal 191)
   defining Unicode char U+00C5 (decimal 197)
   defining Unicode char U+00C6 (decimal 198)
   defining Unicode char U+00D8 (decimal 216)
   defining Unicode char U+00DF (decimal 223)
   defining Unicode char U+00E6 (decimal 230)
   defining Unicode char U+00EC (decimal 236)
   defining Unicode char U+00ED (decimal 237)
   defining Unicode char U+00EE (decimal 238)
   defining Unicode char U+00EF (decimal 239)
   defining Unicode char U+00F8 (decimal 248)
   defining Unicode char U+0131 (decimal 305)
   defining Unicode char U+0141 (decimal 321)
   defining Unicode char U+0142 (decimal 322)
   defining Unicode char U+0152 (decimal 338)
   defining Unicode char U+0153 (decimal 339)
   defining Unicode char U+2013 (decimal 8211)
   defining Unicode char U+2014 (decimal 8212)
   defining Unicode char U+2018 (decimal 8216)
   defining Unicode char U+2019 (decimal 8217)
   defining Unicode char U+201C (decimal 8220)
   defining Unicode char U+201D (decimal 8221)
)
Now handling font encoding OMS ...
... processing UTF-8 mapping file for font encoding OMS

("C:\Program Files\MiKTeX 2.9\tex\latex\base\omsenc.dfu"
File: omsenc.dfu 2008/04/05 v1.1m UTF-8 support for inputenc
   defining Unicode char U+00A7 (decimal 167)
   defining Unicode char U+00B6 (decimal 182)
   defining Unicode char U+00B7 (decimal 183)
   defining Unicode char U+2020 (decimal 8224)
   defining Unicode char U+2021 (decimal 8225)
   defining Unicode char U+2022 (decimal 8226)
)
Now handling font encoding OMX ...
... no UTF-8 mapping file for font encoding OMX
Now handling font encoding U ...
... no UTF-8 mapping file for font encoding U
Now handling font encoding PD1 ...
... no UTF-8 mapping file for font encoding PD1
   defining Unicode char U+00A9 (decimal 169)
   defining Unicode char U+00AA (decimal 170)
   defining Unicode char U+00AE (decimal 174)
   defining Unicode char U+00BA (decimal 186)
   defining Unicode char U+02C6 (decimal 710)
   defining Unicode char U+02DC (decimal 732)
   defining Unicode char U+200C (decimal 8204)
   defining Unicode char U+2026 (decimal 8230)
   defining Unicode char U+2122 (decimal 8482)
   defining Unicode char U+2423 (decimal 9251)
))
("C:\Program Files\MiKTeX 2.9\tex\latex\tools\array.sty"
Package: array 2008/09/09 v2.4c Tabular extension package (FMi)
\col@sep=\dimen118
\extrarowheight=\dimen119
\NC@list=\toks19
\extratabsurround=\skip46
\backup@length=\skip47
)
("C:\Program Files\MiKTeX 2.9\tex\latex\tools\dcolumn.sty"
Package: dcolumn 2001/05/28 v1.06 decimal alignment package (DPC)
)
(C:\Users\Yago\Desktop\Monografia_v20\MONOGRAFIA\multirow.sty
\bigstrutjot=\dimen120
)
("C:\Program Files\MiKTeX 2.9\tex\latex\tools\longtable.sty"
Package: longtable 2004/02/01 v4.11 Multi-page Table package (DPC)
\LTleft=\skip48
\LTright=\skip49
\LTpre=\skip50
\LTpost=\skip51
\LTchunksize=\count108
\LTcapwidth=\dimen121
\LT@head=\box28
\LT@firsthead=\box29
\LT@foot=\box30
\LT@lastfoot=\box31
\LT@cols=\count109
\LT@rows=\count110
\c@LT@tables=\count111
\c@LT@chunks=\count112
\LT@p@ftn=\toks20
)
(C:\Users\Yago\Desktop\Monografia_v20\MONOGRAFIA\cores.tex)
Package hyperref Info: Option `colorlinks' set `true' on input line 49.

(C:\Users\Yago\Desktop\Monografia_v20\MONOGRAFIA\monografia.aux)
LaTeX Font Info:    Checking defaults for OML/cmm/m/it on input line 86.
LaTeX Font Info:    ... okay on input line 86.
LaTeX Font Info:    Checking defaults for T1/cmr/m/n on input line 86.
LaTeX Font Info:    ... okay on input line 86.
LaTeX Font Info:    Checking defaults for OT1/cmr/m/n on input line 86.
LaTeX Font Info:    ... okay on input line 86.
LaTeX Font Info:    Checking defaults for OMS/cmsy/m/n on input line 86.
LaTeX Font Info:    ... okay on input line 86.
LaTeX Font Info:    Checking defaults for OMX/cmex/m/n on input line 86.
LaTeX Font Info:    ... okay on input line 86.
LaTeX Font Info:    Checking defaults for U/cmr/m/n on input line 86.
LaTeX Font Info:    ... okay on input line 86.
LaTeX Font Info:    Checking defaults for PD1/pdf/m/n on input line 86.
LaTeX Font Info:    ... okay on input line 86.
\AtBeginShipoutBox=\box32
Package backref Info: ** backref set up for natbib ** on input line 86.
Package hyperref Info: Link coloring ON on input line 86.

("C:\Program Files\MiKTeX 2.9\tex\latex\hyperref\nameref.sty"
Package: nameref 2012/10/27 v2.43 Cross-referencing by name of section

("C:\Program Files\MiKTeX 2.9\tex\generic\oberdiek\gettitlestring.sty"
Package: gettitlestring 2010/12/03 v1.4 Cleanup title references (HO)
)
\c@section@level=\count113
)
LaTeX Info: Redefining \ref on input line 86.
LaTeX Info: Redefining \pageref on input line 86.
LaTeX Info: Redefining \nameref on input line 86.

(C:\Users\Yago\Desktop\Monografia_v20\MONOGRAFIA\monografia.out)
(C:\Users\Yago\Desktop\Monografia_v20\MONOGRAFIA\monografia.out)
\@outlinefile=\write3

(C:\Users\Yago\AppData\Roaming\MiKTeX\2.9\tex\context\base\supp-pdf.mkii
[Loading MPS to PDF converter (version 2006.09.02).]
\scratchcounter=\count114
\scratchdimen=\dimen122
\scratchbox=\box33
\nofMPsegments=\count115
\nofMParguments=\count116
\everyMPshowfont=\toks21
\MPscratchCnt=\count117
\MPscratchDim=\dimen123
\MPnumerator=\count118
\makeMPintoPDFobject=\count119
\everyMPtoPDFconversion=\toks22
)
*geometry* driver: auto-detecting
*geometry* detected driver: pdftex
*geometry* verbose mode - [ preamble ] result:
* driver: pdftex
* paper: a4paper
* layout: <same size as paper>
* layoutoffset:(h,v)=(0.0pt,0.0pt)
* modes: includefoot 
* h-part:(L,W,R)=(71.13188pt, 455.24411pt, 71.13188pt)
* v-part:(T,H,B)=(85.35826pt, 702.78308pt, 56.9055pt)
* \paperwidth=597.50787pt
* \paperheight=845.04684pt
* \textwidth=455.24411pt
* \textheight=672.78308pt
* \oddsidemargin=-1.1381pt
* \evensidemargin=-1.1381pt
* \topmargin=-26.91173pt
* \headheight=15.0pt
* \headsep=25.0pt
* \topskip=12.0pt
* \footskip=30.0pt
* \marginparwidth=44.0pt
* \marginparsep=10.0pt
* \columnsep=10.0pt
* \skip\footins=10.8pt plus 4.0pt minus 2.0pt
* \hoffset=0.0pt
* \voffset=0.0pt
* \mag=1000
* \@twocolumnfalse
* \@twosidefalse
* \@mparswitchfalse
* \@reversemarginfalse
* (1in=72.27pt=25.4mm, 1cm=28.453pt)


Package hyperref Warning: Token not allowed in a PDF string (PDFDocEncoding):
(hyperref)                removing `\\' on input line 86.

(C:\Users\Yago\Desktop\Monografia_v20\MONOGRAFIA\hypernat.sty
Package: hypernat 2001/07/09 v1.0b hyperref and natbib compatibility (jb)
)
("C:\Program Files\MiKTeX 2.9\tex\latex\oberdiek\hypcap.sty"
Package: hypcap 2011/02/16 v1.11 Adjusting the anchors of captions (HO)
)
\len@brasiliaw=\skip52
\len@uadesch=\skip53
\len@uacaph=\skip54
LaTeX Font Info:    Try loading font information for T1+ua1 on input line 87.

(C:\Users\Yago\AppData\Roaming\MiKTeX\2.9\tex\latex\arial\t1ua1.fd
File: t1ua1.fd 2006/03/21 Fontinst v1.928 font definitions for T1/ua1.
)
LaTeX Font Info:    Font shape `T1/ua1/bx/n' in size <20> not available
(Font)              Font shape `T1/ua1/b/n' tried instead on input line 87.

<positivo_cor.pdf, id=255, 119.44624pt x 60.225pt>
File: positivo_cor.pdf Graphic file (type pdf)
 <use positivo_cor.pdf>
Package pdftex.def Info: positivo_cor.pdf used on input line 87.
(pdftex.def)             Requested size: 70.28004pt x 35.43501pt.
\len@lskipoffset=\skip55
LaTeX Font Info:    Font shape `T1/ua1/bx/n' in size <10> not available
(Font)              Font shape `T1/ua1/b/n' tried instead on input line 87.
\len@lskipoffset=\skip56
LaTeX Font Info:    External font `cmex10' loaded for size
(Font)              <12> on input line 87.
LaTeX Font Info:    External font `cmex10' loaded for size
(Font)              <8> on input line 87.
LaTeX Font Info:    External font `cmex10' loaded for size
(Font)              <6> on input line 87.

[1



{C:/Users/Yago/AppData/Local/MiKTeX/2.9/pdftex/config/pdftex.map} <C:/Users/Yag
o/Desktop/Monografia_v20/MONOGRAFIA/positivo_cor.pdf>]
\@tempa=\count120
 [2

]
\len@brasiliaw=\skip57
\len@uadesch=\skip58
\len@uacaph=\skip59
File: positivo_cor.pdf Graphic file (type pdf)

<use positivo_cor.pdf>
Package pdftex.def Info: positivo_cor.pdf used on input line 87.
(pdftex.def)             Requested size: 70.28004pt x 35.43501pt.
\len@lskipoffset=\skip60
\len@lskipoffset=\skip61

Overfull \hbox (23.43237pt too wide) in paragraph at lines 87--87
 [][] 
 []

[3

]pdfTeX warning (ext4): destination with the same identifier (name{page.i}) has
 been already used, duplicate ignored
<to be read again> 
                   \relax 
l.105   \begin{agradecimentos}
                               [1



]pdfTeX warning (ext4): destination with the same identifier (name{page.ii}) ha
s been already used, duplicate ignored
<to be read again> 
                   \relax 
l.126 \begin{resumo}
                     [2


]pdfTeX warning (ext4): destination with the same identifier (name{page.iii}) h
as been already used, duplicate ignored
<to be read again> 
                   \relax 
l.131   \begin{abstract}
                         [3


] [4


]
(C:\Users\Yago\Desktop\Monografia_v20\MONOGRAFIA\monografia.toc [5

])
\tf@toc=\write4
 [6]
(C:\Users\Yago\Desktop\Monografia_v20\MONOGRAFIA\monografia.lof [7

] [8])
\tf@lof=\write5

[9] (C:\Users\Yago\Desktop\Monografia_v20\MONOGRAFIA\monografia.lot [10

])
\tf@lot=\write6

[11] (C:\Users\Yago\Desktop\Monografia_v20\MONOGRAFIA\chapters/capitulo1.tex
Cap\'{\i }tulo 1.
[1



] [2]
LaTeX Font Info:    Try loading font information for OMS+cmr on input line 41.
 ("C:\Program Files\MiKTeX 2.9\tex\latex\base\omscmr.fd"
File: omscmr.fd 1999/05/25 v2.5h Standard LaTeX font definitions
)
LaTeX Font Info:    Font shape `OMS/cmr/m/n' in size <12> not available
(Font)              Font shape `OMS/cmsy/m/n' tried instead on input line 41.
 [3])
(C:\Users\Yago\Desktop\Monografia_v20\MONOGRAFIA\chapters/capitulo2.tex
[4]
Cap\'{\i }tulo 2.
LaTeX Font Info:    External font `cmex10' loaded for size
(Font)              <7> on input line 7.
LaTeX Font Info:    External font `cmex10' loaded for size
(Font)              <5> on input line 7.
LaTeX Font Info:    Try loading font information for T1+cmtt on input line 7.
("C:\Program Files\MiKTeX 2.9\tex\latex\base\t1cmtt.fd"
File: t1cmtt.fd 1999/05/25 v2.5h Standard LaTeX font definitions
)

LaTeX Warning: `!h' float specifier changed to `!ht'.

[5

] <images/censo_matriculas.png, id=727, 483.30562pt x 225.09094pt>
File: images/censo_matriculas.png Graphic file (type png)

<use images/censo_matriculas.png>
Package pdftex.def Info: images/censo_matriculas.png used on input line 31.
(pdftex.def)             Requested size: 369.89722pt x 170.72398pt.

<images/distribuicao.png, id=729, 350.81062pt x 191.9672pt>
File: images/distribuicao.png Graphic file (type png)

<use images/distribuicao.png>
Package pdftex.def Info: images/distribuicao.png used on input line 40.
(pdftex.def)             Requested size: 341.45818pt x 170.72723pt.


LaTeX Warning: `!h' float specifier changed to `!ht'.


LaTeX Warning: `!h' float specifier changed to `!ht'.

[6 <C:/Users/Yago/Desktop/Monografia_v20/MONOGRAFIA/images/censo_matriculas.png
>] [7 <C:/Users/Yago/Desktop/Monografia_v20/MONOGRAFIA/images/distribuicao.png>
] [8]
Underfull \hbox (badness 10000) in paragraph at lines 101--101
[][]\T1/cmr/m/n/10 Publicação dis-po-ní-vel em [][]$\T1/cmtt/m/n/10 http : / / 
g1 . globo . com / educacao / noticia / 2011 / 02 /$
 []

[9] [10] [11] [12] [13] [14] [15]
Overfull \hbox (3.57022pt too wide) in paragraph at lines 215--216
[]\T1/cmr/m/n/12 No tra-ba-lho de An-dre-oli [[]] re-a-li-zado na Uni-ver-si-da
de Fe-de-ral do Pampa (UNI-PAMPA),
 []


LaTeX Warning: `!h' float specifier changed to `!ht'.


LaTeX Warning: `!h' float specifier changed to `!ht'.


LaTeX Warning: `!h' float specifier changed to `!ht'.

[16]

LaTeX Warning: Text page 17 contains only floats.

[17]
Overfull \hbox (7.34306pt too wide) in paragraph at lines 311--312
\T1/cmr/m/n/12 foi cri-ado em 1987, atra-vés da Re-so-lu-ção do Con-se-lho Uni-
ver-si-tá-rio n$[]$002/87 em 28/05/1987
 []

[18] [19]
Underfull \hbox (badness 10000) in paragraph at lines 345--347

 []


Underfull \hbox (badness 10000) in paragraph at lines 345--347

 []

[20] [21]
Overfull \hbox (3.89442pt too wide) in paragraph at lines 422--436
 [][] 
 []

[22] [23]
Underfull \hbox (badness 10000) in paragraph at lines 474--474
[][][][]$\T1/cmtt/m/n/10 http : / / www . brasscom . org . br / brasscom / Port
ugues / detNoticia . php ? codArea = 2 &$
 []

[24]) (C:\Users\Yago\Desktop\Monografia_v20\MONOGRAFIA\chapters/capitulo3.tex
[25]
Cap\'{\i }tulo 3.
[26

] [27] <images/tic_finalidade.png, id=962, 633.567pt x 269.20575pt>
File: images/tic_finalidade.png Graphic file (type png)

<use images/tic_finalidade.png>
Package pdftex.def Info: images/tic_finalidade.png used on input line 47.
(pdftex.def)             Requested size: 426.78854pt x 227.62238pt.
 [28] [29 <C:/Users/Yago/Desktop/Monografia_v20/MONOGRAFIA/images/tic_finalidad
e.png>])
(C:\Users\Yago\Desktop\Monografia_v20\MONOGRAFIA\chapters/capitulo4.tex
[30]
Cap\'{\i }tulo 4.
[31

] [32] <images/fases-kdd.png, id=1021, 755.2215pt x 236.082pt>
File: images/fases-kdd.png Graphic file (type png)

<use images/fases-kdd.png>
Package pdftex.def Info: images/fases-kdd.png used on input line 34.
(pdftex.def)             Requested size: 455.23372pt x 170.71736pt.
 [33 <C:/Users/Yago/Desktop/Monografia_v20/MONOGRAFIA/images/fases-kdd.png>]
<images/componentes_mineracao.png, id=1032, 460.72125pt x 485.4135pt>
File: images/componentes_mineracao.png Graphic file (type png)

<use images/componentes_mineracao.png>
Package pdftex.def Info: images/componentes_mineracao.png used on input line 57
.
(pdftex.def)             Requested size: 284.52644pt x 312.9819pt.
 [34 <C:/Users/Yago/Desktop/Monografia_v20/MONOGRAFIA/images/componentes_minera
cao.png>] [35]
<images/classificacao1.png, id=1053, 493.845pt x 297.5115pt>
File: images/classificacao1.png Graphic file (type png)

<use images/classificacao1.png>
Package pdftex.def Info: images/classificacao1.png used on input line 98.
(pdftex.def)             Requested size: 426.78574pt x 227.62733pt.

<images/classificacao2.png, id=1055, 571.53525pt x 345.6915pt>
File: images/classificacao2.png Graphic file (type png)

<use images/classificacao2.png>
Package pdftex.def Info: images/classificacao2.png used on input line 105.
(pdftex.def)             Requested size: 426.79282pt x 227.61905pt.
 [36 <C:/Users/Yago/Desktop/Monografia_v20/MONOGRAFIA/images/classificacao1.png
>]
<images/imagem7.png, id=1067, 530.58224pt x 379.4175pt>
File: images/imagem7.png Graphic file (type png)

<use images/imagem7.png>
Package pdftex.def Info: images/imagem7.png used on input line 121.
(pdftex.def)             Requested size: 284.53471pt x 227.6233pt.
 [37 <C:/Users/Yago/Desktop/Monografia_v20/MONOGRAFIA/images/classificacao2.png
>] [38 <C:/Users/Yago/Desktop/Monografia_v20/MONOGRAFIA/images/imagem7.png>] <i
mages/imagem8.png, id=1091, 779.91376pt x 150.5625pt>
File: images/imagem8.png Graphic file (type png)

<use images/imagem8.png>
Package pdftex.def Info: images/imagem8.png used on input line 143.
(pdftex.def)             Requested size: 398.33388pt x 85.36203pt.
 [39 <C:/Users/Yago/Desktop/Monografia_v20/MONOGRAFIA/images/imagem8.png>]
<images/meta-aprendizado.png, id=1112, 874.76813pt x 344.03531pt>
File: images/meta-aprendizado.png Graphic file (type png)

<use images/meta-aprendizado.png>
Package pdftex.def Info: images/meta-aprendizado.png used on input line 171.
(pdftex.def)             Requested size: 426.79813pt x 199.1679pt.
 [40 <C:/Users/Yago/Desktop/Monografia_v20/MONOGRAFIA/images/meta-aprendizado.p
ng>] [41]
<images/cluster.png, id=1133, 519.9425pt x 215.80624pt>
File: images/cluster.png Graphic file (type png)

<use images/cluster.png>
Package pdftex.def Info: images/cluster.png used on input line 208.
(pdftex.def)             Requested size: 341.43358pt x 170.72215pt.
 [42 <C:/Users/Yago/Desktop/Monografia_v20/MONOGRAFIA/images/cluster.png>] <ima
ges/anomalia.png, id=1142, 390.45876pt x 335.2525pt>
File: images/anomalia.png Graphic file (type png)

<use images/anomalia.png>
Package pdftex.def Info: images/anomalia.png used on input line 243.
(pdftex.def)             Requested size: 227.62207pt x 199.16821pt.
 [43] [44 <C:/Users/Yago/Desktop/Monografia_v20/MONOGRAFIA/images/anomalia.png>
] [45]
<images/weka.png, id=1174, 352.31625pt x 213.79875pt>
File: images/weka.png Graphic file (type png)
 <use images/weka.png>
Package pdftex.def Info: images/weka.png used on input line 279.
(pdftex.def)             Requested size: 256.0759pt x 170.71625pt.

<images/modo1.png, id=1177, 591.71063pt x 451.6875pt>
File: images/modo1.png Graphic file (type png)
 <use images/modo1.png>
Package pdftex.def Info: images/modo1.png used on input line 291.
(pdftex.def)             Requested size: 284.53252pt x 199.17043pt.

<images/modo2.png, id=1179, 538.26094pt x 417.81094pt>
File: images/modo2.png Graphic file (type png)
 <use images/modo2.png>
Package pdftex.def Info: images/modo2.png used on input line 301.
(pdftex.def)             Requested size: 284.52954pt x 199.1699pt.


LaTeX Warning: `!h' float specifier changed to `!ht'.

<images/modo3.png, id=1181, 501.37312pt x 376.40625pt>
File: images/modo3.png Graphic file (type png)
 <use images/modo3.png>
Package pdftex.def Info: images/modo3.png used on input line 310.
(pdftex.def)             Requested size: 284.53864pt x 199.17271pt.

[46 <C:/Users/Yago/Desktop/Monografia_v20/MONOGRAFIA/images/weka.png>]
<images/modo4.png, id=1187, 450.9347pt x 375.65344pt>
File: images/modo4.png Graphic file (type png)
 <use images/modo4.png>
Package pdftex.def Info: images/modo4.png used on input line 320.
(pdftex.def)             Requested size: 284.54448pt x 199.16988pt.
)
(C:\Users\Yago\Desktop\Monografia_v20\MONOGRAFIA\chapters/capitulo5.tex
[47 <C:/Users/Yago/Desktop/Monografia_v20/MONOGRAFIA/images/modo1.png> <C:/User
s/Yago/Desktop/Monografia_v20/MONOGRAFIA/images/modo2.png>] [48 <C:/Users/Yago/
Desktop/Monografia_v20/MONOGRAFIA/images/modo3.png> <C:/Users/Yago/Desktop/Mono
grafia_v20/MONOGRAFIA/images/modo4.png>]
Cap\'{\i }tulo 5.
[49

] <images/heidisql.png, id=1224, 691.08188pt x 414.04688pt>
File: images/heidisql.png Graphic file (type png)

<use images/heidisql.png>
Package pdftex.def Info: images/heidisql.png used on input line 45.
(pdftex.def)             Requested size: 369.8886pt x 227.6254pt.

<images/heidisqlinicio.png, id=1225, 525.46312pt x 316.18124pt>
File: images/heidisqlinicio.png Graphic file (type png)

<use images/heidisqlinicio.png>
Package pdftex.def Info: images/heidisqlinicio.png used on input line 52.
(pdftex.def)             Requested size: 312.98718pt x 199.17111pt.
 [50] [51 <C:/Users/Yago/Desktop/Monografia_v20/MONOGRAFIA/images/heidisql.png>
 <C:/Users/Yago/Desktop/Monografia_v20/MONOGRAFIA/images/heidisqlinicio.png>] [
52] [53]

LaTeX Warning: `!h' float specifier changed to `!ht'.


LaTeX Warning: `!h' float specifier changed to `!ht'.


LaTeX Warning: `!h' float specifier changed to `!ht'.

[54] [55] [56] <images/analiseJava.png, id=1280, 700.41675pt x 276.43275pt>
File: images/analiseJava.png Graphic file (type png)

<use images/analiseJava.png>
Package pdftex.def Info: images/analiseJava.png used on input line 315.
(pdftex.def)             Requested size: 284.52222pt x 113.81058pt.

<images/driverEclipse.png, id=1281, 522.45187pt x 395.22656pt>
File: images/driverEclipse.png Graphic file (type png)

<use images/driverEclipse.png>
Package pdftex.def Info: images/driverEclipse.png used on input line 322.
(pdftex.def)             Requested size: 341.43918pt x 199.1687pt.
 [57 <C:/Users/Yago/Desktop/Monografia_v20/MONOGRAFIA/images/analiseJava.png> <
C:/Users/Yago/Desktop/Monografia_v20/MONOGRAFIA/images/driverEclipse.png>]
Overfull \hbox (24.39996pt too wide) in alignment at lines 333--357
 [] [] 
 []


Overfull \hbox (24.39996pt too wide) in alignment at lines 357--359
 [] [] 
 []


Overfull \hbox (24.39996pt too wide) in alignment at lines 361--384
 [] [] 
 []


Overfull \hbox (24.39996pt too wide) in alignment at lines 384--386
 [] [] 
 []

[58]
Overfull \hbox (24.39996pt too wide) in alignment at lines 388--411
 [] [] 
 []


Overfull \hbox (24.39996pt too wide) in alignment at lines 411--413
 [] [] 
 []

[59] <images/winrar.png, id=1305, 465.23813pt x 370.38374pt>
File: images/winrar.png Graphic file (type png)

<use images/winrar.png>
Package pdftex.def Info: images/winrar.png used on input line 430.
(pdftex.def)             Requested size: 312.98573pt x 227.62357pt.

<images/winrar2.png, id=1307, 449.42906pt x 392.96812pt>
File: images/winrar2.png Graphic file (type png)

<use images/winrar2.png>
Package pdftex.def Info: images/winrar2.png used on input line 439.
(pdftex.def)             Requested size: 312.99347pt x 227.62784pt.


LaTeX Warning: `!h' float specifier changed to `!ht'.

<images/winrar3.png, id=1309, 320.69812pt x 100.12407pt>
File: images/winrar3.png Graphic file (type png)

<use images/winrar3.png>
Package pdftex.def Info: images/winrar3.png used on input line 448.
(pdftex.def)             Requested size: 256.07927pt x 85.3625pt.


LaTeX Warning: `!h' float specifier changed to `!ht'.

[60 <C:/Users/Yago/Desktop/Monografia_v20/MONOGRAFIA/images/winrar.png>]
<images/winrar4.png, id=1317, 395.97937pt x 334.24875pt>
File: images/winrar4.png Graphic file (type png)

<use images/winrar4.png>
Package pdftex.def Info: images/winrar4.png used on input line 457.
(pdftex.def)             Requested size: 284.53093pt x 199.17372pt.


LaTeX Warning: `!h' float specifier changed to `!ht'.


Underfull \hbox (badness 10000) in paragraph at lines 464--466

 []

<images/winrar5.png, id=1320, 506.6428pt x 354.57469pt>
File: images/winrar5.png Graphic file (type png)

<use images/winrar5.png>
Package pdftex.def Info: images/winrar5.png used on input line 474.
(pdftex.def)             Requested size: 369.89256pt x 284.5366pt.


LaTeX Warning: `!h' float specifier changed to `!ht'.

[61 <C:/Users/Yago/Desktop/Monografia_v20/MONOGRAFIA/images/winrar2.png> <C:/Us
ers/Yago/Desktop/Monografia_v20/MONOGRAFIA/images/winrar3.png>] [62 <C:/Users/Y
ago/Desktop/Monografia_v20/MONOGRAFIA/images/winrar4.png> <C:/Users/Yago/Deskto
p/Monografia_v20/MONOGRAFIA/images/winrar5.png>]
<images/weka5.png, id=1334, 398.23781pt x 136.25906pt>
File: images/weka5.png Graphic file (type png)
 <use images/weka5.png>
Package pdftex.def Info: images/weka5.png used on input line 494.
(pdftex.def)             Requested size: 227.61772pt x 56.90405pt.

<images/weka6.png, id=1336, 511.15968pt x 414.04688pt>
File: images/weka6.png Graphic file (type png)
 <use images/weka6.png>
Package pdftex.def Info: images/weka6.png used on input line 504.
(pdftex.def)             Requested size: 284.52373pt x 256.08093pt.

[63 <C:/Users/Yago/Desktop/Monografia_v20/MONOGRAFIA/images/weka5.png> <C:/User
s/Yago/Desktop/Monografia_v20/MONOGRAFIA/images/weka6.png>]
Overfull \hbox (24.39996pt too wide) in alignment at lines 516--540
 [] [] 
 []


Overfull \hbox (24.39996pt too wide) in alignment at lines 540--560
 [] [] 
 []


Overfull \hbox (24.39996pt too wide) in alignment at lines 560--580
 [] [] 
 []

[64]
Overfull \hbox (24.39996pt too wide) in alignment at lines 580--589
 [] [] 
 []

[65] <images/classificador.png, id=1355, 508.90125pt x 359.84438pt>
File: images/classificador.png Graphic file (type png)

<use images/classificador.png>
Package pdftex.def Info: images/classificador.png used on input line 603.
(pdftex.def)             Requested size: 312.99182pt x 227.63109pt.

<images/classificador2.png, id=1356, 508.90125pt x 454.69875pt>
File: images/classificador2.png Graphic file (type png)

<use images/classificador2.png>
Package pdftex.def Info: images/classificador2.png used on input line 610.
(pdftex.def)             Requested size: 284.54015pt x 227.62633pt.


LaTeX Warning: `!h' float specifier changed to `!ht'.

[66 <C:/Users/Yago/Desktop/Monografia_v20/MONOGRAFIA/images/classificador.png>]
<images/weka_mineracao.png, id=1363, 706.89093pt x 548.0475pt>
File: images/weka_mineracao.png Graphic file (type png)

<use images/weka_mineracao.png>
Package pdftex.def Info: images/weka_mineracao.png used on input line 621.
(pdftex.def)             Requested size: 312.98529pt x 284.53476pt.


LaTeX Warning: `!h' float specifier changed to `!ht'.

) (C:\Users\Yago\Desktop\Monografia_v20\MONOGRAFIA\chapters/capitulo6.tex
[67 <C:/Users/Yago/Desktop/Monografia_v20/MONOGRAFIA/images/classificador2.png>
] [68 <C:/Users/Yago/Desktop/Monografia_v20/MONOGRAFIA/images/weka_mineracao.pn
g>]
Cap\'{\i }tulo 6.
<images/grafico9.png, id=1377, 517.935pt x 272.217pt>
File: images/grafico9.png Graphic file (type png)

<use images/grafico9.png>
Package pdftex.def Info: images/grafico9.png used on input line 15.
(pdftex.def)             Requested size: 398.35278pt x 199.1778pt.


LaTeX Warning: `!h' float specifier changed to `!ht'.

<images/grafico1.png, id=1379, 520.344pt x 219.82124pt>
File: images/grafico1.png Graphic file (type png)

<use images/grafico1.png>
Package pdftex.def Info: images/grafico1.png used on input line 24.
(pdftex.def)             Requested size: 455.26811pt x 170.72194pt.


LaTeX Warning: `!h' float specifier changed to `!ht'.

[69

] <images/grafico2.png, id=1385, 750.4035pt x 317.38576pt>
File: images/grafico2.png Graphic file (type png)

<use images/grafico2.png>
Package pdftex.def Info: images/grafico2.png used on input line 35.
(pdftex.def)             Requested size: 455.24933pt x 142.26534pt.
 [70 <C:/Users/Yago/Desktop/Monografia_v20/MONOGRAFIA/images/grafico9.png> <C:/
Users/Yago/Desktop/Monografia_v20/MONOGRAFIA/images/grafico1.png>] <images/graf
ico10.png, id=1393, 709.90219pt x 370.38374pt>
File: images/grafico10.png Graphic file (type png)

<use images/grafico10.png>
Package pdftex.def Info: images/grafico10.png used on input line 45.
(pdftex.def)             Requested size: 398.3441pt x 199.17345pt.
 [71 <C:/Users/Yago/Desktop/Monografia_v20/MONOGRAFIA/images/grafico2.png> <C:/
Users/Yago/Desktop/Monografia_v20/MONOGRAFIA/images/grafico10.png>]
Overfull \hbox (18.9585pt too wide) in alignment at lines 56--80
 [] [] [] [] [] [] [] 
 []


Overfull \hbox (18.9585pt too wide) in alignment at lines 80--91
 [] [] [] [] [] [] [] 
 []

[72] <images/grafico3.png, id=1407, 601.0455pt x 231.86626pt>
File: images/grafico3.png Graphic file (type png)

<use images/grafico3.png>
Package pdftex.def Info: images/grafico3.png used on input line 99.
(pdftex.def)             Requested size: 455.24939pt x 170.7186pt.

<images/grafico4.png, id=1409, 576.9555pt x 244.5135pt>
File: images/grafico4.png Graphic file (type png)

<use images/grafico4.png>
Package pdftex.def Info: images/grafico4.png used on input line 108.
(pdftex.def)             Requested size: 455.25282pt x 170.72548pt.


LaTeX Warning: `!h' float specifier changed to `!ht'.

<images/grafico7.png, id=1411, 565.51276pt x 282.45525pt>
File: images/grafico7.png Graphic file (type png)

<use images/grafico7.png>
Package pdftex.def Info: images/grafico7.png used on input line 117.
(pdftex.def)             Requested size: 455.24976pt x 170.7157pt.


LaTeX Warning: `!h' float specifier changed to `!ht'.

[73 <C:/Users/Yago/Desktop/Monografia_v20/MONOGRAFIA/images/grafico3.png>]
<images/grafico5.png, id=1419, 555.87675pt x 234.27525pt>
File: images/grafico5.png Graphic file (type png)

<use images/grafico5.png>
Package pdftex.def Info: images/grafico5.png used on input line 127.
(pdftex.def)             Requested size: 455.23663pt x 170.7228pt.


LaTeX Warning: `!h' float specifier changed to `!ht'.

<images/grafico6.png, id=1420, 570.33075pt x 241.50224pt>
File: images/grafico6.png Graphic file (type png)

<use images/grafico6.png>
Package pdftex.def Info: images/grafico6.png used on input line 134.
(pdftex.def)             Requested size: 455.25572pt x 170.71603pt.


LaTeX Warning: `!h' float specifier changed to `!ht'.

<images/grafico8.png, id=1422, 590.80725pt x 280.6485pt>
File: images/grafico8.png Graphic file (type png)

<use images/grafico8.png>
Package pdftex.def Info: images/grafico8.png used on input line 144.
(pdftex.def)             Requested size: 369.89368pt x 170.71999pt.


LaTeX Warning: `!h' float specifier changed to `!ht'.

[74 <C:/Users/Yago/Desktop/Monografia_v20/MONOGRAFIA/images/grafico4.png> <C:/U
sers/Yago/Desktop/Monografia_v20/MONOGRAFIA/images/grafico7.png>] [75 <C:/Users
/Yago/Desktop/Monografia_v20/MONOGRAFIA/images/grafico5.png> <C:/Users/Yago/Des
ktop/Monografia_v20/MONOGRAFIA/images/grafico6.png>] [76 <C:/Users/Yago/Desktop
/Monografia_v20/MONOGRAFIA/images/grafico8.png>] [77]
<images/taxa_reprovados.png, id=1446, 505.13719pt x 243.15843pt>
File: images/taxa_reprovados.png Graphic file (type png)

<use images/taxa_reprovados.png>
Package pdftex.def Info: images/taxa_reprovados.png used on input line 211.
(pdftex.def)             Requested size: 369.88783pt x 170.71434pt.


LaTeX Warning: `!h' float specifier changed to `!ht'.

[78] <images/reprovados_desligados.png, id=1452, 519.44063pt x 255.20343pt>
File: images/reprovados_desligados.png Graphic file (type png)

<use images/reprovados_desligados.png>
Package pdftex.def Info: images/reprovados_desligados.png used on input line 22
0.
(pdftex.def)             Requested size: 369.88336pt x 170.7245pt.

<images/reprova3.png, id=1454, 470.50781pt x 241.65282pt>
File: images/reprova3.png Graphic file (type png)

<use images/reprova3.png>
Package pdftex.def Info: images/reprova3.png used on input line 229.
(pdftex.def)             Requested size: 369.8879pt x 170.72292pt.


LaTeX Warning: `!h' float specifier changed to `!ht'.

[79 <C:/Users/Yago/Desktop/Monografia_v20/MONOGRAFIA/images/taxa_reprovados.png
> <C:/Users/Yago/Desktop/Monografia_v20/MONOGRAFIA/images/reprovados_desligados
.png>]
Overfull \hbox (3.74213pt too wide) in alignment at lines 250--266
 [] [] [] [] [] [] [] [] [] [] 
 []

[80 <C:/Users/Yago/Desktop/Monografia_v20/MONOGRAFIA/images/reprova3.png>]
Overfull \hbox (3.74213pt too wide) in alignment at lines 282--298
 [] [] [] [] [] [] [] [] [] [] 
 []

[81] [82] [83] [84] [85]
<images/altera_end.png, id=1497, 408.02437pt x 231.11343pt>
File: images/altera_end.png Graphic file (type png)

<use images/altera_end.png>
Package pdftex.def Info: images/altera_end.png used on input line 417.
(pdftex.def)             Requested size: 256.08546pt x 142.26263pt.
 [86 <C:/Users/Yago/Desktop/Monografia_v20/MONOGRAFIA/images/altera_end.png>]
<images/cluster-kmeans.png, id=1504, 491.58656pt x 386.19281pt>
File: images/cluster-kmeans.png Graphic file (type png)

<use images/cluster-kmeans.png>
Package pdftex.def Info: images/cluster-kmeans.png used on input line 458.
(pdftex.def)             Requested size: 284.53532pt x 227.62195pt.


LaTeX Warning: `!h' float specifier changed to `!ht'.

<images/cluster-first.png, id=1506, 576.65437pt x 368.87813pt>
File: images/cluster-first.png Graphic file (type png)

<use images/cluster-first.png>
Package pdftex.def Info: images/cluster-first.png used on input line 467.
(pdftex.def)             Requested size: 284.53409pt x 227.62137pt.


LaTeX Warning: `!h' float specifier changed to `!ht'.

[87] [88 <C:/Users/Yago/Desktop/Monografia_v20/MONOGRAFIA/images/cluster-kmeans
.png> <C:/Users/Yago/Desktop/Monografia_v20/MONOGRAFIA/images/cluster-first.png
>] <images/regra2_2002.png, id=1520, 307.90031pt x 313.17pt>
File: images/regra2_2002.png Graphic file (type png)

<use images/regra2_2002.png>
Package pdftex.def Info: images/regra2_2002.png used on input line 510.
(pdftex.def)             Requested size: 227.62654pt x 227.62779pt.


LaTeX Warning: `!h' float specifier changed to `!ht'.

[89] [90 <C:/Users/Yago/Desktop/Monografia_v20/MONOGRAFIA/images/regra2_2002.pn
g>] <images/regra1_2004.png, id=1536, 301.8778pt x 219.82124pt>
File: images/regra1_2004.png Graphic file (type png)

<use images/regra1_2004.png>
Package pdftex.def Info: images/regra1_2004.png used on input line 554.
(pdftex.def)             Requested size: 256.07222pt x 184.9471pt.
 [91 <C:/Users/Yago/Desktop/Monografia_v20/MONOGRAFIA/images/regra1_2004.png>]
<images/regra2_2005.png, id=1543, 281.55188pt x 349.305pt>
File: images/regra2_2005.png Graphic file (type png)

<use images/regra2_2005.png>
Package pdftex.def Info: images/regra2_2005.png used on input line 593.
(pdftex.def)             Requested size: 312.99884pt x 312.99646pt.


LaTeX Warning: `!h' float specifier changed to `!ht'.

[92] [93 <C:/Users/Yago/Desktop/Monografia_v20/MONOGRAFIA/images/regra2_2005.pn
g>] <images/regra1_2006.png, id=1556, 323.70938pt x 389.95688pt>
File: images/regra1_2006.png Graphic file (type png)

<use images/regra1_2006.png>
Package pdftex.def Info: images/regra1_2006.png used on input line 632.
(pdftex.def)             Requested size: 284.54407pt x 341.44348pt.
 [94 <C:/Users/Yago/Desktop/Monografia_v20/MONOGRAFIA/images/regra1_2006.png>] 
[95]
<images/regra2_2006.png, id=1569, 311.66437pt x 266.49562pt>
File: images/regra2_2006.png Graphic file (type png)

<use images/regra2_2006.png>
Package pdftex.def Info: images/regra2_2006.png used on input line 671.
(pdftex.def)             Requested size: 312.98566pt x 284.5538pt.


LaTeX Warning: `!h' float specifier changed to `!ht'.

<images/regra2_2009.png, id=1572, 497.60907pt x 155.83218pt>
File: images/regra2_2009.png Graphic file (type png)

<use images/regra2_2009.png>
Package pdftex.def Info: images/regra2_2009.png used on input line 708.
(pdftex.def)             Requested size: 312.98665pt x 113.81361pt.


LaTeX Warning: `!h' float specifier changed to `!ht'.

[96 <C:/Users/Yago/Desktop/Monografia_v20/MONOGRAFIA/images/regra2_2006.png>]
[97 <C:/Users/Yago/Desktop/Monografia_v20/MONOGRAFIA/images/regra2_2009.png>]
<images/regra2_2011.png, id=1585, 392.96812pt x 154.32657pt>
File: images/regra2_2011.png Graphic file (type png)

<use images/regra2_2011.png>
Package pdftex.def Info: images/regra2_2011.png used on input line 746.
(pdftex.def)             Requested size: 313.00179pt x 113.81366pt.
)
(C:\Users\Yago\Desktop\Monografia_v20\MONOGRAFIA\chapters/capitulo7.tex
[98 <C:/Users/Yago/Desktop/Monografia_v20/MONOGRAFIA/images/regra2_2011.png>]
Cap\'{\i }tulo 7.
[99

] [100]) [101]
(C:\Users\Yago\Desktop\Monografia_v20\MONOGRAFIA\monografia.bbl
(C:\Users\Yago\Desktop\Monografia_v20\MONOGRAFIA\monografia.brf)
\tf@brf=\write7
 [102


] [103]
Underfull \hbox (badness 1728) in paragraph at lines 177--177
[]\T1/cmr/m/n/12 Gonçalves, E. C. (2007).  Ex-tra-ção de Ár-vo-res de De-ci-são
 com a Fer-ra-
 []


Underfull \hbox (badness 10000) in paragraph at lines 177--177
$\T1/cmtt/m/n/12 extracao-[]de-[]arvores-[]de-[]decisao-[]com-[]a-[]ferramenta-
[]de-[]data-[]mining-[]weka /$
 []


Underfull \hbox (badness 10000) in paragraph at lines 184--184
[]\T1/cmr/m/n/12 Gonçalves, E. C. (2012).  Mi-ne-ra-ção de da-dos no MySQL com
 []


Underfull \hbox (badness 10000) in paragraph at lines 184--184
\T1/cmr/m/n/12 a fer-ra-menta Weka.  Dis-po-ní-vel em: [][]$\T1/cmtt/m/n/12 htt
p : / / www . devmedia . com . br /$
 []


Underfull \hbox (badness 10000) in paragraph at lines 184--184
$\T1/cmtt/m/n/12 mineracao-[]de-[]dados-[]no-[]mysql-[]com-[]a-[]ferramenta-[]w
eka / 26360$[][]\T1/cmr/m/n/12 , aces-sado em
 []


Underfull \hbox (badness 2310) in paragraph at lines 200--200
\T1/cmr/m/it/12 Censo da Edu-ca-ção Su-pe-rior de 2012\T1/cmr/m/n/12 .  Mi-nis-
té-rio da Edu-ca-ção.  Dis-po-ní-
 []


Underfull \hbox (badness 5345) in paragraph at lines 210--210
\T1/cmr/m/it/12 Censo da Edu-ca-ção Su-pe-rior de 2013\T1/cmr/m/n/12 .  Mi-nis-
té-rio da Edu-ca-ção.  Dis-
 []

[104]
Underfull \hbox (badness 10000) in paragraph at lines 286--286
[]\T1/cmr/m/n/12 Portal G1 (2012).  Ín-dice de eva-são de alu-nos é maior
 []


Underfull \hbox (badness 10000) in paragraph at lines 286--286
\T1/cmr/m/n/12 na área de tec-no-lo-gia da in-for-ma-ção.  Dis-po-ní-vel em:
 []


Underfull \hbox (badness 10000) in paragraph at lines 286--286
[][]$\T1/cmtt/m/n/12 http : / / g1 . globo . com / sp / sao-[]carlos-[]regiao /
 noticia / 2012 / 09 /$
 []


Overfull \hbox (1.47495pt too wide) in paragraph at lines 286--286
$\T1/cmtt/m/n/12 indice-[]de-[]evasao-[]de-[]alunos-[]e-[]maior-[]na-[]area-[]d
e-[]tecnologia-[]da-[]informacao .$
 []

[105] [106])
(C:\Users\Yago\Desktop\Monografia_v20\MONOGRAFIA\chapters/anexo1.tex [107]
Anexo I.

Underfull \hbox (badness 3323) in paragraph at lines 38--39
[]\T1/cmr/m/n/12 Funções de uma Va-riá-vel
 []


Underfull \hbox (badness 5403) in paragraph at lines 58--59
[]\T1/cmr/m/n/12 Transformações Di-fe-ren-ciá-
 []


Underfull \hbox (badness 10000) in paragraph at lines 91--92
[]\T1/cmr/m/n/12 Potencial, Ca-pa-ci-tân-cia,
 []


Underfull \hbox (badness 10000) in paragraph at lines 94--95
[]\T1/cmr/m/n/12 Forças Mag-né-ti-cas so-bre
 []


Underfull \hbox (badness 4013) in paragraph at lines 95--96
[]\T1/cmr/m/n/12 Campo Mag-né-tico Pro-du-
 []

[108

] [109] [110] [111])
(C:\Users\Yago\Desktop\Monografia_v20\MONOGRAFIA\chapters/apendice1.tex
[112]
Ap\^endice A.

Underfull \hbox (badness 10000) in paragraph at lines 5--12

 []


Underfull \hbox (badness 10000) in paragraph at lines 13--20

 []


Overfull \hbox (37.23517pt too wide) in paragraph at lines 21--25
\T1/cmr/m/n/10.95 conn = Dri-ver-Ma-na-ger.getConnection(''jdbc:mysql://localho
st:3306/alunos_cic'',
 []


Underfull \hbox (badness 10000) in paragraph at lines 26--30

 []

[113

]
Overfull \hbox (3.1137pt too wide) in paragraph at lines 81--83
\T1/cmr/m/n/10.95 sql1 = "up-date alu-nos set se-mes-tre-Sai-da-Curso ="+
 []


Underfull \hbox (badness 10000) in paragraph at lines 94--98

 []

) (C:\Users\Yago\Desktop\Monografia_v20\MONOGRAFIA\chapters/apendice1-1.tex
[114]
Ap\^endice B.

Underfull \hbox (badness 10000) in paragraph at lines 26--34

 []


Underfull \hbox (badness 10000) in paragraph at lines 26--34

 []


Underfull \hbox (badness 10000) in paragraph at lines 26--34

 []


Underfull \hbox (badness 10000) in paragraph at lines 26--34

 []


Underfull \hbox (badness 10000) in paragraph at lines 37--44

 []

[115

]
Overfull \hbox (37.23517pt too wide) in paragraph at lines 45--49
\T1/cmr/m/n/10.95 conn = Dri-ver-Ma-na-ger.getConnection(''jdbc:mysql://localho
st:3306/alunos_cic'',
 []


Underfull \hbox (badness 10000) in paragraph at lines 74--75

 []


Overfull \hbox (1.17627pt too wide) in paragraph at lines 84--89
\T1/cmr/m/n/10.95 String sq-lA-tu-a-liza = "up-date eva-sao_cic set Qt-deED ="+
 quan-
 []

[116]
Underfull \hbox (badness 10000) in paragraph at lines 93--97

 []


Underfull \hbox (badness 10000) in paragraph at lines 112--116

 []

[117]
Overfull \hbox (60.3182pt too wide) in paragraph at lines 135--140
\T1/cmr/m/n/10.95 String sq-lA-tu-a-li-zaCB1 = "se-lect men-cao, con-cat(ano,'_
',semestre,'_',turma)
 []


Overfull \hbox (60.3182pt too wide) in paragraph at lines 151--153
\T1/cmr/m/n/10.95 String sq-lA-tu-a-li-zaCB2 = "se-lect men-cao, con-cat(ano,'_
',semestre,'_',turma)
 []


Underfull \hbox (badness 10000) in paragraph at lines 151--153

 []


Overfull \hbox (60.46785pt too wide) in paragraph at lines 166--170
\T1/cmr/m/n/10.95 String sq-lA-tu-a-li-zaED1 = "se-lect men-cao, con-cat(ano,'_
',semestre,'_',turma)
 []


Overfull \hbox (60.46785pt too wide) in paragraph at lines 181--185
\T1/cmr/m/n/10.95 String sq-lA-tu-a-li-zaED2 = "se-lect men-cao, con-cat(ano,'_
',semestre,'_',turma)
 []

[118]
Overfull \hbox (58.20259pt too wide) in paragraph at lines 195--199
\T1/cmr/m/n/10.95 String sq-lA-tu-a-li-zaPS1 = "se-lect men-cao, con-cat(ano,'_
',semestre,'_',turma)
 []


Overfull \hbox (58.20259pt too wide) in paragraph at lines 210--214
[]\T1/cmr/m/n/10.95 String sq-lA-tu-a-li-zaPS2 = "se-lect men-cao, con-cat(ano,
'_',semestre,'_',turma)
 []


Underfull \hbox (badness 10000) in paragraph at lines 235--239

 []

[119]) (C:\Users\Yago\Desktop\Monografia_v20\MONOGRAFIA\chapters/apendice2.tex
[120]
Ap\^endice C.

Underfull \hbox (badness 10000) in paragraph at lines 6--10

 []


Underfull \hbox (badness 10000) in paragraph at lines 6--10

 []


Underfull \hbox (badness 10000) in paragraph at lines 11--14

 []


Underfull \hbox (badness 10000) in paragraph at lines 11--14

 []


Overfull \hbox (14.03278pt too wide) in paragraph at lines 15--40
\T1/cmr/m/n/12 m.QtdeC1, m.PrimeiraNotaC1, m.PrimeiraTurmaC1, m.UltimaNotaC1, m
.UltimaTurmaC1,
 []


Overfull \hbox (14.03278pt too wide) in paragraph at lines 15--40
\T1/cmr/m/n/12 m.QtdeC2, m.PrimeiraNotaC2, m.PrimeiraTurmaC2, m.UltimaNotaC2, m
.UltimaTurmaC2,
 []


Overfull \hbox (14.03278pt too wide) in paragraph at lines 15--40
\T1/cmr/m/n/12 m.QtdeC3, m.PrimeiraNotaC3, m.PrimeiraTurmaC3, m.UltimaNotaC3, m
.UltimaTurmaC3,
 []


Overfull \hbox (22.60158pt too wide) in paragraph at lines 15--40
\T1/cmr/bx/n/12 FROM \T1/cmr/m/n/12 eva-sao_cic e \T1/cmr/bx/n/12 IN-NER JOIN \
T1/cmr/m/n/12 eva-sao_obrigatorias o \T1/cmr/bx/n/12 ON \T1/cmr/m/n/12 e.Matric
ula = o.MatricAluno 
 []

) (C:\Users\Yago\Desktop\Monografia_v20\MONOGRAFIA\chapters/apendice3.tex
[121

]
Ap\^endice D.

Underfull \hbox (badness 10000) in paragraph at lines 4--87

 []


Overfull \hbox (14.652pt too wide) in paragraph at lines 4--87
\T1/cmr/bx/n/12 SELECT \T1/cmr/m/n/12 a.MatricAluno, a.AluSexo, a.AluDtNasc, a.
AluEscola, a.AluCotId, a.AluCotTipo, 
 []


Underfull \hbox (badness 10000) in paragraph at lines 4--87

 []


Underfull \hbox (badness 10000) in paragraph at lines 4--87

 []


Underfull \hbox (badness 10000) in paragraph at lines 4--87

 []


Overfull \hbox (14.03278pt too wide) in paragraph at lines 4--87
\T1/cmr/m/n/12 m.QtdeC1, m.PrimeiraNotaC1, m.PrimeiraTurmaC1, m.UltimaNotaC1, m
.UltimaTurmaC1,
 []


Overfull \hbox (14.03278pt too wide) in paragraph at lines 4--87
\T1/cmr/m/n/12 m.QtdeC2, m.PrimeiraNotaC2, m.PrimeiraTurmaC2, m.UltimaNotaC2, m
.UltimaTurmaC2,
 []


Overfull \hbox (14.03278pt too wide) in paragraph at lines 4--87
\T1/cmr/m/n/12 m.QtdeC3, m.PrimeiraNotaC3, m.PrimeiraTurmaC3, m.UltimaNotaC3, m
.UltimaTurmaC3,
 []


Overfull \hbox (22.60158pt too wide) in paragraph at lines 4--87
\T1/cmr/bx/n/12 FROM \T1/cmr/m/n/12 eva-sao_cic e \T1/cmr/bx/n/12 IN-NER JOIN \
T1/cmr/m/n/12 eva-sao_obrigatorias o \T1/cmr/bx/n/12 ON \T1/cmr/m/n/12 e.Matric
ula = o.MatricAluno 
 []


Underfull \hbox (badness 10000) in paragraph at lines 4--87

 []


Underfull \hbox (badness 10000) in paragraph at lines 4--87

 []


Underfull \hbox (badness 10000) in paragraph at lines 4--87

 []


Overfull \hbox (14.03278pt too wide) in paragraph at lines 4--87
\T1/cmr/m/n/12 m.QtdeC1, m.PrimeiraNotaC1, m.PrimeiraTurmaC1, m.UltimaNotaC1, m
.UltimaTurmaC1,
 []


Overfull \hbox (14.03278pt too wide) in paragraph at lines 4--87
\T1/cmr/m/n/12 m.QtdeC2, m.PrimeiraNotaC2, m.PrimeiraTurmaC2, m.UltimaNotaC2, m
.UltimaTurmaC2,
 []


Overfull \hbox (14.03278pt too wide) in paragraph at lines 4--87
\T1/cmr/m/n/12 m.QtdeC3, m.PrimeiraNotaC3, m.PrimeiraTurmaC3, m.UltimaNotaC3, m
.UltimaTurmaC3,
 []


Overfull \hbox (22.60158pt too wide) in paragraph at lines 4--87
\T1/cmr/bx/n/12 FROM \T1/cmr/m/n/12 eva-sao_cic e \T1/cmr/bx/n/12 IN-NER JOIN \
T1/cmr/m/n/12 eva-sao_obrigatorias o \T1/cmr/bx/n/12 ON \T1/cmr/m/n/12 e.Matric
ula = o.MatricAluno 
 []


Underfull \hbox (badness 10000) in paragraph at lines 4--87

 []


Underfull \hbox (badness 10000) in paragraph at lines 4--87

 []

[122

] [123]
Underfull \hbox (badness 10000) in paragraph at lines 105--117

 []


Underfull \hbox (badness 10000) in paragraph at lines 105--117

 []


Underfull \hbox (badness 10000) in paragraph at lines 134--144

 []


Underfull \hbox (badness 10000) in paragraph at lines 134--144

 []

[124]
Underfull \hbox (badness 10000) in paragraph at lines 161--172

 []


Underfull \hbox (badness 10000) in paragraph at lines 161--172

 []


Underfull \hbox (badness 10000) in paragraph at lines 189--198

 []


Underfull \hbox (badness 10000) in paragraph at lines 189--198

 []

[125]
Underfull \hbox (badness 10000) in paragraph at lines 215--227

 []


Underfull \hbox (badness 10000) in paragraph at lines 215--227

 []


Underfull \hbox (badness 10000) in paragraph at lines 215--227

 []


Underfull \hbox (badness 10000) in paragraph at lines 245--254

 []


Underfull \hbox (badness 10000) in paragraph at lines 245--254

 []


Underfull \hbox (badness 10000) in paragraph at lines 245--254

 []

[126]) (C:\Users\Yago\Desktop\Monografia_v20\MONOGRAFIA\chapters/apendice4.tex
Underfull \hbox (badness 10000) in paragraph at lines 272--1

 []


Underfull \hbox (badness 10000) in paragraph at lines 272--1

 []


Underfull \hbox (badness 10000) in paragraph at lines 272--1

 []


Underfull \hbox (badness 10000) in paragraph at lines 272--1

 []


Underfull \hbox (badness 10000) in paragraph at lines 272--1

 []

[127]
Ap\^endice E.

Underfull \hbox (badness 10000) in paragraph at lines 4--17

 []


Underfull \hbox (badness 10000) in paragraph at lines 19--32

 []

[128

]
Overfull \hbox (2.63583pt too wide) in paragraph at lines 33--38
\T1/cmr/bx/n/12 UPDATE \T1/cmr/m/n/12 alu-nos \T1/cmr/bx/n/12 SET \T1/cmr/m/n/1
2 Alu-Es-cola = 'Nao In-for-mado' \T1/cmr/bx/n/12 WHERE \T1/cmr/m/n/12 For-ma-S
aida = '#NULO!' 
 []


Underfull \hbox (badness 10000) in paragraph at lines 33--38

 []

)
Package atveryend Info: Empty hook `BeforeClearDocument' on input line 161.

Underfull \hbox (badness 10000) in paragraph at lines 39--161

 []

[129]
Package atveryend Info: Empty hook `AfterLastShipout' on input line 161.
 (C:\Users\Yago\Desktop\Monografia_v20\MONOGRAFIA\monografia.aux)
Package atveryend Info: Executing hook `AtVeryEndDocument' on input line 161.
Package atveryend Info: Executing hook `AtEndAfterFileList' on input line 161.
Package rerunfilecheck Info: File `monografia.out' has not changed.
(rerunfilecheck)             Checksum: 516ACE61F3E9F50D4EA230E880C24363;5417.
Package rerunfilecheck Info: File `monografia.brf' has not changed.
(rerunfilecheck)             Checksum: B63B4F0548E2E9FE88196CF48CBCA5EE;8434.
Package atveryend Info: Empty hook `AtVeryVeryEnd' on input line 161.
 )
(\end occurred when \iffalse on line 462 was incomplete) 
Here is how much of TeX's memory you used:
 9363 strings out of 493921
 135746 string characters out of 3147285
 277984 words of memory out of 3000000
 11998 multiletter control sequences out of 15000+200000
 32583 words of font info for 47 fonts, out of 3000000 for 9000
 841 hyphenation exceptions out of 8191
 43i,19n,69p,1817b,698s stack positions out of 5000i,500n,10000p,200000b,50000s
pdfTeX warning (dest): 
name{Hfootnote.21} has been referenced but does not exist, replaced by a fixed 
one

pdfTeX warning (dest): name{Hfootnote.20} has been referenced but does not exis
t, replaced by a fixed one

pdfTeX warning (dest): name{Hfootnote.19} has been referenced but does not exis
t, replaced by a fixed one

pdfTeX warning (dest): name{Hfootnote.18} has been referenced but does not exis
t, replaced by a fixed one

pdfTeX warning (dest): name{Hfootnote.17} has been referenced but does not exis
t, replaced by a fixed one

pdfTeX warning (dest): name{Hfootnote.16} has been referenced but does not exis
t, replaced by a fixed one

pdfTeX warning (dest): name{Hfootnote.15} has been referenced but does not exis
t, replaced by a fixed one

pdfTeX warning (dest): name{Hfootnote.14} has been referenced but does not exis
t, replaced by a fixed one

pdfTeX warning (dest): name{Hfootnote.13} has been referenced but does not exis
t, replaced by a fixed one

pdfTeX warning (dest): name{Hfootnote.12} has been referenced but does not exis
t, replaced by a fixed one

pdfTeX warning (dest): name{Hfootnote.11} has been referenced but does not exis
t, replaced by a fixed one

pdfTeX warning (dest): name{Hfootnote.10} has been referenced but does not exis
t, replaced by a fixed one

pdfTeX warning (dest): name{Hfootnote.9} has been referenced but does not exist
, replaced by a fixed one

pdfTeX warning (dest): name{Hfootnote.8} has been referenced but does not exist
, replaced by a fixed one

pdfTeX warning (dest): name{Hfootnote.7} has been referenced but does not exist
, replaced by a fixed one

pdfTeX warning (dest): name{Hfootnote.6} has been referenced but does not exist
, replaced by a fixed one

pdfTeX warning (dest): name{Hfootnote.5} has been referenced but does not exist
, replaced by a fixed one

pdfTeX warning (dest): name{Hfootnote.4} has been referenced but does not exist
, replaced by a fixed one

pdfTeX warning (dest): name{Hfootnote.3} has been referenced but does not exist
, replaced by a fixed one

pdfTeX warning (dest): name{Hfootnote.2} has been referenced but does not exist
, replaced by a fixed one

pdfTeX warning (dest): name{Hfootnote.1} has been referenced but does not exist
, replaced by a fixed one

 <C:\Users\Yago\AppData\Local\MiKTeX\2.9\fonts\pk\ljfour\jknappen\ec\dpi600\ecb
i2488.pk> <C:\Users\Yago\AppData\Local\MiKTeX\2.9\fonts\pk\ljfour\jknappen\ec\d
pi600\ectt1200.pk> <C:\Users\Yago\AppData\Local\MiKTeX\2.9\fonts\pk\ljfour\jkna
ppen\ec\dpi600\ecbi1728.pk> <C:\Users\Yago\AppData\Local\MiKTeX\2.9\fonts\pk\lj
four\jknappen\ec\dpi600\ecrm1095.pk> <C:\Users\Yago\AppData\Local\MiKTeX\2.9\fo
nts\pk\ljfour\jknappen\ec\dpi600\ecti1000.pk> <C:\Users\Yago\AppData\Local\MiKT
eX\2.9\fonts\pk\ljfour\jknappen\ec\dpi600\ecbx1440.pk> <C:\Users\Yago\AppData\L
ocal\MiKTeX\2.9\fonts\pk\ljfour\jknappen\ec\dpi600\ecti1095.pk> <C:\Users\Yago\
AppData\Local\MiKTeX\2.9\fonts\pk\ljfour\jknappen\ec\dpi600\ecrm1000.pk> <C:\Us
ers\Yago\AppData\Local\MiKTeX\2.9\fonts\pk\ljfour\jknappen\ec\dpi600\ectt1000.p
k> <C:\Users\Yago\AppData\Local\MiKTeX\2.9\fonts\pk\ljfour\jknappen\ec\dpi600\e
crm0700.pk> <C:\Users\Yago\AppData\Local\MiKTeX\2.9\fonts\pk\ljfour\jknappen\ec
\dpi600\ecbi1200.pk> <C:\Users\Yago\AppData\Local\MiKTeX\2.9\fonts\pk\ljfour\jk
nappen\ec\dpi600\ecti1200.pk> <C:\Users\Yago\AppData\Local\MiKTeX\2.9\fonts\pk\
ljfour\jknappen\ec\dpi600\ecbx2488.pk> <C:\Users\Yago\AppData\Local\MiKTeX\2.9\
fonts\pk\ljfour\jknappen\ec\dpi600\ecbx1200.pk> <C:\Users\Yago\AppData\Local\Mi
KTeX\2.9\fonts\pk\ljfour\jknappen\ec\dpi600\ecrm0800.pk> <C:\Users\Yago\AppData
\Local\MiKTeX\2.9\fonts\pk\ljfour\jknappen\ec\dpi600\ecrm1200.pk> <C:\Users\Yag
o\AppData\Local\MiKTeX\2.9\fonts\pk\ljfour\jknappen\ec\dpi600\ecrm1440.pk> <C:\
Users\Yago\AppData\Local\MiKTeX\2.9\fonts\pk\ljfour\jknappen\ec\dpi600\ecbx1728
.pk>{C:/Program Files/MiKTeX 2.9/fonts/enc/dvips/fontname/8r.enc}<C:/Program Fi
les/MiKTeX 2.9/fonts/type1/public/amsfonts/cm/cmmi12.pfb><C:/Program Files/MiKT
eX 2.9/fonts/type1/public/amsfonts/cm/cmr12.pfb><C:/Program Files/MiKTeX 2.9/fo
nts/type1/public/amsfonts/cm/cmr8.pfb><C:/Program Files/MiKTeX 2.9/fonts/type1/
public/amsfonts/cm/cmsy10.pfb><C:/Users/Yago/AppData/Roaming/MiKTeX/2.9/fonts/t
ype1/urw/arial/ua1b8a.pfb>
Output written on monografia.pdf (143 pages, 2525837 bytes).
PDF statistics:
 2933 PDF objects out of 2984 (max. 8388607)
 411 named destinations out of 1000 (max. 500000)
 780 words of extra memory for PDF output out of 10000 (max. 10000000)

